<?xml version="1.0" encoding="UTF-8"?>
<!-- Generated by org.testng.reporters.JUnitReportReporter -->
<testsuite skipped="0" hostname="DESKTOP-O3E0A86" name="TestCase002" tests="1" failures="0" timestamp="2020-03-23T08:05:02 IST" time="2.422" errors="0">
  <testcase name="postValidation" time="2.422" classname="TestCase002"/>
  <system-out/>
</testsuite> <!-- TestCase002 -->
