<?xml version="1.0" encoding="UTF-8"?>
<!-- Generated by org.testng.reporters.JUnitReportReporter -->
<testsuite skipped="0" hostname="DESKTOP-O3E0A86" name="TestCase001" tests="2" failures="0" timestamp="2020-03-23T09:27:12 IST" time="3.518" errors="0">
  <testcase name="validateEntireBody" time="1.909" classname="TestCase001"/>
  <system-out/>
  <testcase name="validateGet" time="1.609" classname="TestCase001"/>
  <system-out/>
</testsuite> <!-- TestCase001 -->
