<?xml version="1.0" encoding="UTF-8"?>
<!-- Generated by org.testng.reporters.JUnitReportReporter -->
<testsuite skipped="0" hostname="DESKTOP-O3E0A86" name="TestCases.TestCase003" tests="1" failures="0" timestamp="2020-03-23T18:02:00 IST" time="2.453" errors="0">
  <testcase name="validatePost" time="2.453" classname="TestCases.TestCase003"/>
  <system-out/>
</testsuite> <!-- TestCases.TestCase003 -->
