<?xml version="1.0" encoding="UTF-8"?>
<!-- Generated by org.testng.reporters.JUnitReportReporter -->
<testsuite skipped="0" hostname="DESKTOP-O3E0A86" name="TestCases.TestCase005" tests="1" failures="0" timestamp="2020-03-23T17:28:59 IST" time="1.688" errors="0">
  <testcase name="validateGet" time="1.688" classname="TestCases.TestCase005"/>
  <system-out/>
</testsuite> <!-- TestCases.TestCase005 -->
