<?xml version="1.0" encoding="UTF-8"?>
<!-- Generated by org.testng.reporters.JUnitReportReporter -->
<testsuite skipped="0" hostname="DESKTOP-O3E0A86" name="TestCases.TestCase002" tests="1" failures="0" timestamp="2020-03-23T17:04:54 IST" time="0.750" errors="0">
  <testcase name="postValidation" time="0.750" classname="TestCases.TestCase002"/>
  <system-out/>
</testsuite> <!-- TestCases.TestCase002 -->
