<?xml version="1.0" encoding="UTF-8"?>
<!-- Generated by org.testng.reporters.JUnitReportReporter -->
<testsuite skipped="0" hostname="DESKTOP-O3E0A86" name="TestCase003" tests="2" failures="0" timestamp="2020-03-23T10:37:15 IST" time="3.652" errors="0">
  <testcase name="validateResponse" time="0.914" classname="TestCase003"/>
  <system-out/>
  <testcase name="validateGet" time="2.738" classname="TestCase003"/>
  <system-out/>
</testsuite> <!-- TestCase003 -->
