<?xml version="1.0" encoding="UTF-8"?>
<!-- Generated by org.testng.reporters.JUnitReportReporter -->
<testsuite skipped="0" hostname="DESKTOP-O3E0A86" name="TestCases.TestCase004" tests="1" failures="0" timestamp="2020-03-24T07:56:18 IST" time="0.774" errors="0">
  <testcase name="validatePut" time="0.774" classname="TestCases.TestCase004"/>
  <system-out/>
</testsuite> <!-- TestCases.TestCase004 -->
